<?xml version="1.0" encoding="UTF-8"?>
<!-- Generated by org.testng.reporters.JUnitReportReporter -->
<testsuite hostname="Hari" failures="0" tests="1" name="files.DynamicJson" time="4.358" errors="0" timestamp="2025-02-23T12:22:21 IST" skipped="0">
  <testcase classname="files.DynamicJson" name="addBook" time="4.358"/>
</testsuite> <!-- files.DynamicJson -->
